<?xml version="1.0" encoding="UTF-8"?>
<coverage generated="1725905537792" clover="3.2.0">
  <project timestamp="1725905537793" name="All files">
    <metrics statements="84" coveredstatements="84" conditionals="44" coveredconditionals="35" methods="3" coveredmethods="3" elements="131" coveredelements="122" complexity="0" loc="84" ncloc="84" packages="1" files="1" classes="1"/>
    <file name="recintos-zoo.js" path="C:\Users\davit\Desktop\MeusProjetos\desafio-DaviTiago-2024\src\recintos-zoo.js">
      <metrics statements="84" coveredstatements="84" conditionals="44" coveredconditionals="35" methods="3" coveredmethods="3"/>
      <line num="1" count="1" type="stmt"/>
      <line num="2" count="1" type="cond" truecount="1" falsecount="0"/>
      <line num="3" count="7" type="stmt"/>
      <line num="4" count="7" type="stmt"/>
      <line num="5" count="7" type="stmt"/>
      <line num="6" count="7" type="stmt"/>
      <line num="7" count="7" type="stmt"/>
      <line num="8" count="7" type="stmt"/>
      <line num="9" count="7" type="stmt"/>
      <line num="10" count="7" type="stmt"/>
      <line num="11" count="7" type="stmt"/>
      <line num="12" count="7" type="stmt"/>
      <line num="13" count="7" type="stmt"/>
      <line num="14" count="7" type="stmt"/>
      <line num="15" count="7" type="stmt"/>
      <line num="16" count="7" type="stmt"/>
      <line num="17" count="7" type="stmt"/>
      <line num="18" count="7" type="stmt"/>
      <line num="19" count="7" type="stmt"/>
      <line num="20" count="7" type="stmt"/>
      <line num="21" count="7" type="stmt"/>
      <line num="22" count="1" type="stmt"/>
      <line num="23" count="1" type="cond" truecount="1" falsecount="0"/>
      <line num="24" count="7" type="cond" truecount="1" falsecount="0"/>
      <line num="25" count="1" type="stmt"/>
      <line num="26" count="1" type="cond" truecount="1" falsecount="0"/>
      <line num="27" count="7" type="cond" truecount="1" falsecount="0"/>
      <line num="28" count="1" type="stmt"/>
      <line num="29" count="1" type="cond" truecount="1" falsecount="0"/>
      <line num="30" count="5" type="stmt"/>
      <line num="31" count="5" type="stmt"/>
      <line num="32" count="7" type="cond" truecount="0" falsecount="1"/>
      <line num="33" count="7" type="stmt"/>
      <line num="34" count="7" type="stmt"/>
      <line num="35" count="7" type="cond" truecount="1" falsecount="0"/>
      <line num="36" count="25" type="cond" truecount="0" falsecount="1"/>
      <line num="37" count="25" type="cond" truecount="3" falsecount="0"/>
      <line num="38" count="15" type="stmt"/>
      <line num="39" count="15" type="stmt"/>
      <line num="40" count="25" type="cond" truecount="1" falsecount="0"/>
      <line num="41" count="2" type="cond" truecount="2" falsecount="0"/>
      <line num="42" count="25" type="cond" truecount="1" falsecount="0"/>
      <line num="43" count="13" type="cond" truecount="2" falsecount="0"/>
      <line num="44" count="13" type="cond" truecount="1" falsecount="0"/>
      <line num="45" count="11" type="stmt"/>
      <line num="46" count="11" type="stmt"/>
      <line num="47" count="25" type="cond" truecount="1" falsecount="0"/>
      <line num="48" count="2" type="cond" truecount="1" falsecount="2"/>
      <line num="49" count="2" type="cond" truecount="1" falsecount="1"/>
      <line num="50" count="2" type="cond" truecount="1" falsecount="0"/>
      <line num="51" count="25" type="cond" truecount="2" falsecount="2"/>
      <line num="52" count="25" type="cond" truecount="2" falsecount="2"/>
      <line num="53" count="11" type="stmt"/>
      <line num="54" count="11" type="stmt"/>
      <line num="55" count="11" type="cond" truecount="1" falsecount="0"/>
      <line num="56" count="11" type="stmt"/>
      <line num="57" count="11" type="stmt"/>
      <line num="58" count="11" type="stmt"/>
      <line num="59" count="11" type="stmt"/>
      <line num="60" count="7" type="stmt"/>
      <line num="61" count="7" type="stmt"/>
      <line num="62" count="7" type="stmt"/>
      <line num="63" count="7" type="stmt"/>
      <line num="64" count="7" type="stmt"/>
      <line num="65" count="7" type="cond" truecount="1" falsecount="0"/>
      <line num="66" count="25" type="cond" truecount="1" falsecount="0"/>
      <line num="67" count="7" type="cond" truecount="1" falsecount="0"/>
      <line num="68" count="7" type="stmt"/>
      <line num="69" count="7" type="stmt"/>
      <line num="70" count="7" type="cond" truecount="3" falsecount="0"/>
      <line num="71" count="7" type="stmt"/>
      <line num="72" count="7" type="stmt"/>
      <line num="73" count="7" type="stmt"/>
      <line num="74" count="25" type="cond" truecount="1" falsecount="0"/>
      <line num="75" count="5" type="stmt"/>
      <line num="76" count="7" type="cond" truecount="1" falsecount="0"/>
      <line num="77" count="1" type="stmt"/>
      <line num="78" count="1" type="cond" truecount="1" falsecount="0"/>
      <line num="79" count="4" type="stmt"/>
      <line num="80" count="4" type="stmt"/>
      <line num="81" count="4" type="stmt"/>
      <line num="82" count="1" type="stmt"/>
      <line num="83" count="1" type="stmt"/>
      <line num="84" count="1" type="stmt"/>
    </file>
  </project>
</coverage>
