{"C:\\Users\\davit\\Desktop\\MeusProjetos\\desafio-DaviTiago-2024\\src\\recintos-zoo.js": {"path":"C:\\Users\\davit\\Desktop\\MeusProjetos\\desafio-DaviTiago-2024\\src\\recintos-zoo.js","all":false,"statementMap":{"0":{"start":{"line":1,"column":0},"end":{"line":1,"column":19}},"1":{"start":{"line":2,"column":0},"end":{"line":2,"column":19}},"2":{"start":{"line":3,"column":0},"end":{"line":3,"column":57}},"3":{"start":{"line":4,"column":0},"end":{"line":4,"column":25}},"4":{"start":{"line":5,"column":0},"end":{"line":5,"column":110}},"5":{"start":{"line":6,"column":0},"end":{"line":6,"column":75}},"6":{"start":{"line":7,"column":0},"end":{"line":7,"column":115}},"7":{"start":{"line":8,"column":0},"end":{"line":8,"column":70}},"8":{"start":{"line":9,"column":0},"end":{"line":9,"column":107}},"9":{"start":{"line":10,"column":0},"end":{"line":10,"column":10}},"10":{"start":{"line":11,"column":0},"end":{"line":11,"column":0}},"11":{"start":{"line":12,"column":0},"end":{"line":12,"column":79}},"12":{"start":{"line":13,"column":0},"end":{"line":13,"column":24}},"13":{"start":{"line":14,"column":0},"end":{"line":14,"column":85}},"14":{"start":{"line":15,"column":0},"end":{"line":15,"column":89}},"15":{"start":{"line":16,"column":0},"end":{"line":16,"column":87}},"16":{"start":{"line":17,"column":0},"end":{"line":17,"column":100}},"17":{"start":{"line":18,"column":0},"end":{"line":18,"column":88}},"18":{"start":{"line":19,"column":0},"end":{"line":19,"column":88}},"19":{"start":{"line":20,"column":0},"end":{"line":20,"column":10}},"20":{"start":{"line":21,"column":0},"end":{"line":21,"column":5}},"21":{"start":{"line":22,"column":0},"end":{"line":22,"column":0}},"22":{"start":{"line":23,"column":0},"end":{"line":23,"column":45}},"23":{"start":{"line":24,"column":0},"end":{"line":24,"column":40}},"24":{"start":{"line":25,"column":0},"end":{"line":25,"column":47}},"25":{"start":{"line":26,"column":0},"end":{"line":26,"column":9}},"26":{"start":{"line":27,"column":0},"end":{"line":27,"column":30}},"27":{"start":{"line":28,"column":0},"end":{"line":28,"column":51}},"28":{"start":{"line":29,"column":0},"end":{"line":29,"column":9}},"29":{"start":{"line":30,"column":0},"end":{"line":30,"column":0}},"30":{"start":{"line":31,"column":0},"end":{"line":31,"column":48}},"31":{"start":{"line":32,"column":0},"end":{"line":32,"column":88}},"32":{"start":{"line":33,"column":0},"end":{"line":33,"column":0}},"33":{"start":{"line":34,"column":0},"end":{"line":34,"column":53}},"34":{"start":{"line":35,"column":0},"end":{"line":35,"column":44}},"35":{"start":{"line":36,"column":0},"end":{"line":36,"column":99}},"36":{"start":{"line":37,"column":0},"end":{"line":37,"column":90}},"37":{"start":{"line":38,"column":0},"end":{"line":38,"column":0}},"38":{"start":{"line":39,"column":0},"end":{"line":39,"column":73}},"39":{"start":{"line":40,"column":0},"end":{"line":40,"column":35}},"40":{"start":{"line":41,"column":0},"end":{"line":41,"column":86}},"41":{"start":{"line":42,"column":0},"end":{"line":42,"column":20}},"42":{"start":{"line":43,"column":0},"end":{"line":43,"column":95}},"43":{"start":{"line":44,"column":0},"end":{"line":44,"column":13}},"44":{"start":{"line":45,"column":0},"end":{"line":45,"column":0}},"45":{"start":{"line":46,"column":0},"end":{"line":46,"column":75}},"46":{"start":{"line":47,"column":0},"end":{"line":47,"column":51}},"47":{"start":{"line":48,"column":0},"end":{"line":48,"column":128}},"48":{"start":{"line":49,"column":0},"end":{"line":49,"column":92}},"49":{"start":{"line":50,"column":0},"end":{"line":50,"column":17}},"50":{"start":{"line":51,"column":0},"end":{"line":51,"column":110}},"51":{"start":{"line":52,"column":0},"end":{"line":52,"column":124}},"52":{"start":{"line":53,"column":0},"end":{"line":53,"column":16}},"53":{"start":{"line":54,"column":0},"end":{"line":54,"column":37}},"54":{"start":{"line":55,"column":0},"end":{"line":55,"column":128}},"55":{"start":{"line":56,"column":0},"end":{"line":56,"column":65}},"56":{"start":{"line":57,"column":0},"end":{"line":57,"column":88}},"57":{"start":{"line":58,"column":0},"end":{"line":58,"column":0}},"58":{"start":{"line":59,"column":0},"end":{"line":59,"column":36}},"59":{"start":{"line":60,"column":0},"end":{"line":60,"column":10}},"60":{"start":{"line":61,"column":0},"end":{"line":61,"column":0}},"61":{"start":{"line":62,"column":0},"end":{"line":62,"column":43}},"62":{"start":{"line":63,"column":0},"end":{"line":63,"column":35}},"63":{"start":{"line":64,"column":0},"end":{"line":64,"column":0}},"64":{"start":{"line":65,"column":0},"end":{"line":65,"column":46}},"65":{"start":{"line":66,"column":0},"end":{"line":66,"column":41}},"66":{"start":{"line":67,"column":0},"end":{"line":67,"column":132}},"67":{"start":{"line":68,"column":0},"end":{"line":68,"column":69}},"68":{"start":{"line":69,"column":0},"end":{"line":69,"column":16}},"69":{"start":{"line":70,"column":0},"end":{"line":70,"column":116}},"70":{"start":{"line":71,"column":0},"end":{"line":71,"column":106}},"71":{"start":{"line":72,"column":0},"end":{"line":72,"column":128}},"72":{"start":{"line":73,"column":0},"end":{"line":73,"column":13}},"73":{"start":{"line":74,"column":0},"end":{"line":74,"column":9}},"74":{"start":{"line":75,"column":0},"end":{"line":75,"column":0}},"75":{"start":{"line":76,"column":0},"end":{"line":76,"column":43}},"76":{"start":{"line":77,"column":0},"end":{"line":77,"column":53}},"77":{"start":{"line":78,"column":0},"end":{"line":78,"column":9}},"78":{"start":{"line":79,"column":0},"end":{"line":79,"column":0}},"79":{"start":{"line":80,"column":0},"end":{"line":80,"column":35}},"80":{"start":{"line":81,"column":0},"end":{"line":81,"column":5}},"81":{"start":{"line":82,"column":0},"end":{"line":82,"column":1}},"82":{"start":{"line":83,"column":0},"end":{"line":83,"column":0}},"83":{"start":{"line":84,"column":0},"end":{"line":84,"column":38}}},"s":{"0":1,"1":1,"2":7,"3":7,"4":7,"5":7,"6":7,"7":7,"8":7,"9":7,"10":7,"11":7,"12":7,"13":7,"14":7,"15":7,"16":7,"17":7,"18":7,"19":7,"20":7,"21":1,"22":1,"23":7,"24":1,"25":1,"26":7,"27":1,"28":1,"29":5,"30":5,"31":7,"32":7,"33":7,"34":7,"35":25,"36":25,"37":15,"38":15,"39":25,"40":2,"41":25,"42":13,"43":13,"44":11,"45":11,"46":25,"47":2,"48":2,"49":2,"50":25,"51":25,"52":11,"53":11,"54":11,"55":11,"56":11,"57":11,"58":11,"59":7,"60":7,"61":7,"62":7,"63":7,"64":7,"65":25,"66":7,"67":7,"68":7,"69":7,"70":7,"71":7,"72":7,"73":25,"74":5,"75":7,"76":1,"77":1,"78":4,"79":4,"80":4,"81":1,"82":1,"83":1},"branchMap":{"0":{"type":"branch","line":2,"loc":{"start":{"line":2,"column":4},"end":{"line":21,"column":5}},"locations":[{"start":{"line":2,"column":4},"end":{"line":21,"column":5}}]},"1":{"type":"branch","line":23,"loc":{"start":{"line":23,"column":4},"end":{"line":81,"column":5}},"locations":[{"start":{"line":23,"column":4},"end":{"line":81,"column":5}}]},"2":{"type":"branch","line":24,"loc":{"start":{"line":24,"column":39},"end":{"line":26,"column":9}},"locations":[{"start":{"line":24,"column":39},"end":{"line":26,"column":9}}]},"3":{"type":"branch","line":26,"loc":{"start":{"line":26,"column":8},"end":{"line":27,"column":29}},"locations":[{"start":{"line":26,"column":8},"end":{"line":27,"column":29}}]},"4":{"type":"branch","line":27,"loc":{"start":{"line":27,"column":29},"end":{"line":29,"column":9}},"locations":[{"start":{"line":27,"column":29},"end":{"line":29,"column":9}}]},"5":{"type":"branch","line":29,"loc":{"start":{"line":29,"column":8},"end":{"line":32,"column":70}},"locations":[{"start":{"line":29,"column":8},"end":{"line":32,"column":70}}]},"6":{"type":"branch","line":32,"loc":{"start":{"line":32,"column":70},"end":{"line":32,"column":87}},"locations":[{"start":{"line":32,"column":70},"end":{"line":32,"column":87}}]},"7":{"type":"branch","line":65,"loc":{"start":{"line":65,"column":45},"end":{"line":74,"column":9}},"locations":[{"start":{"line":65,"column":45},"end":{"line":74,"column":9}}]},"8":{"type":"branch","line":66,"loc":{"start":{"line":66,"column":40},"end":{"line":73,"column":13}},"locations":[{"start":{"line":66,"column":40},"end":{"line":73,"column":13}}]},"9":{"type":"branch","line":70,"loc":{"start":{"line":70,"column":62},"end":{"line":70,"column":107}},"locations":[{"start":{"line":70,"column":62},"end":{"line":70,"column":107}}]},"10":{"type":"branch","line":70,"loc":{"start":{"line":70,"column":107},"end":{"line":70,"column":111}},"locations":[{"start":{"line":70,"column":107},"end":{"line":70,"column":111}}]},"11":{"type":"branch","line":70,"loc":{"start":{"line":70,"column":111},"end":{"line":70,"column":115}},"locations":[{"start":{"line":70,"column":111},"end":{"line":70,"column":115}}]},"12":{"type":"branch","line":74,"loc":{"start":{"line":74,"column":8},"end":{"line":76,"column":42}},"locations":[{"start":{"line":74,"column":8},"end":{"line":76,"column":42}}]},"13":{"type":"branch","line":76,"loc":{"start":{"line":76,"column":42},"end":{"line":78,"column":9}},"locations":[{"start":{"line":76,"column":42},"end":{"line":78,"column":9}}]},"14":{"type":"branch","line":78,"loc":{"start":{"line":78,"column":8},"end":{"line":81,"column":5}},"locations":[{"start":{"line":78,"column":8},"end":{"line":81,"column":5}}]},"15":{"type":"branch","line":35,"loc":{"start":{"line":35,"column":31},"end":{"line":60,"column":9}},"locations":[{"start":{"line":35,"column":31},"end":{"line":60,"column":9}}]},"16":{"type":"branch","line":36,"loc":{"start":{"line":36,"column":64},"end":{"line":36,"column":80}},"locations":[{"start":{"line":36,"column":64},"end":{"line":36,"column":80}}]},"17":{"type":"branch","line":37,"loc":{"start":{"line":37,"column":77},"end":{"line":37,"column":90}},"locations":[{"start":{"line":37,"column":77},"end":{"line":37,"column":90}}]},"18":{"type":"branch","line":37,"loc":{"start":{"line":37,"column":89},"end":{"line":40,"column":34}},"locations":[{"start":{"line":37,"column":89},"end":{"line":40,"column":34}}]},"19":{"type":"branch","line":40,"loc":{"start":{"line":40,"column":34},"end":{"line":42,"column":13}},"locations":[{"start":{"line":40,"column":34},"end":{"line":42,"column":13}}]},"20":{"type":"branch","line":41,"loc":{"start":{"line":41,"column":73},"end":{"line":41,"column":86}},"locations":[{"start":{"line":41,"column":73},"end":{"line":41,"column":86}}]},"21":{"type":"branch","line":42,"loc":{"start":{"line":42,"column":13},"end":{"line":44,"column":13}},"locations":[{"start":{"line":42,"column":13},"end":{"line":44,"column":13}}]},"22":{"type":"branch","line":43,"loc":{"start":{"line":43,"column":82},"end":{"line":43,"column":95}},"locations":[{"start":{"line":43,"column":82},"end":{"line":43,"column":95}}]},"23":{"type":"branch","line":44,"loc":{"start":{"line":44,"column":12},"end":{"line":47,"column":50}},"locations":[{"start":{"line":44,"column":12},"end":{"line":47,"column":50}}]},"24":{"type":"branch","line":47,"loc":{"start":{"line":47,"column":50},"end":{"line":50,"column":17}},"locations":[{"start":{"line":47,"column":50},"end":{"line":50,"column":17}}]},"25":{"type":"branch","line":48,"loc":{"start":{"line":48,"column":56},"end":{"line":48,"column":83}},"locations":[{"start":{"line":48,"column":56},"end":{"line":48,"column":83}}]},"26":{"type":"branch","line":48,"loc":{"start":{"line":48,"column":83},"end":{"line":48,"column":113}},"locations":[{"start":{"line":48,"column":83},"end":{"line":48,"column":113}}]},"27":{"type":"branch","line":48,"loc":{"start":{"line":48,"column":115},"end":{"line":48,"column":128}},"locations":[{"start":{"line":48,"column":115},"end":{"line":48,"column":128}}]},"28":{"type":"branch","line":49,"loc":{"start":{"line":49,"column":47},"end":{"line":49,"column":77}},"locations":[{"start":{"line":49,"column":47},"end":{"line":49,"column":77}}]},"29":{"type":"branch","line":49,"loc":{"start":{"line":49,"column":79},"end":{"line":49,"column":92}},"locations":[{"start":{"line":49,"column":79},"end":{"line":49,"column":92}}]},"30":{"type":"branch","line":50,"loc":{"start":{"line":50,"column":16},"end":{"line":51,"column":47}},"locations":[{"start":{"line":50,"column":16},"end":{"line":51,"column":47}}]},"31":{"type":"branch","line":51,"loc":{"start":{"line":51,"column":43},"end":{"line":51,"column":63}},"locations":[{"start":{"line":51,"column":43},"end":{"line":51,"column":63}}]},"32":{"type":"branch","line":51,"loc":{"start":{"line":51,"column":63},"end":{"line":51,"column":95}},"locations":[{"start":{"line":51,"column":63},"end":{"line":51,"column":95}}]},"33":{"type":"branch","line":51,"loc":{"start":{"line":51,"column":97},"end":{"line":51,"column":110}},"locations":[{"start":{"line":51,"column":97},"end":{"line":51,"column":110}}]},"34":{"type":"branch","line":51,"loc":{"start":{"line":51,"column":109},"end":{"line":52,"column":77}},"locations":[{"start":{"line":51,"column":109},"end":{"line":52,"column":77}}]},"35":{"type":"branch","line":52,"loc":{"start":{"line":52,"column":73},"end":{"line":52,"column":109}},"locations":[{"start":{"line":52,"column":73},"end":{"line":52,"column":109}}]},"36":{"type":"branch","line":52,"loc":{"start":{"line":52,"column":111},"end":{"line":52,"column":124}},"locations":[{"start":{"line":52,"column":111},"end":{"line":52,"column":124}}]},"37":{"type":"branch","line":52,"loc":{"start":{"line":52,"column":123},"end":{"line":60,"column":9}},"locations":[{"start":{"line":52,"column":123},"end":{"line":60,"column":9}}]},"38":{"type":"branch","line":37,"loc":{"start":{"line":37,"column":34},"end":{"line":37,"column":74}},"locations":[{"start":{"line":37,"column":34},"end":{"line":37,"column":74}}]},"39":{"type":"branch","line":41,"loc":{"start":{"line":41,"column":41},"end":{"line":41,"column":70}},"locations":[{"start":{"line":41,"column":41},"end":{"line":41,"column":70}}]},"40":{"type":"branch","line":43,"loc":{"start":{"line":43,"column":41},"end":{"line":43,"column":79}},"locations":[{"start":{"line":43,"column":41},"end":{"line":43,"column":79}}]},"41":{"type":"branch","line":52,"loc":{"start":{"line":52,"column":41},"end":{"line":52,"column":72}},"locations":[{"start":{"line":52,"column":41},"end":{"line":52,"column":72}}]},"42":{"type":"branch","line":55,"loc":{"start":{"line":55,"column":57},"end":{"line":55,"column":123}},"locations":[{"start":{"line":55,"column":57},"end":{"line":55,"column":123}}]},"43":{"type":"branch","line":67,"loc":{"start":{"line":67,"column":61},"end":{"line":67,"column":127}},"locations":[{"start":{"line":67,"column":61},"end":{"line":67,"column":127}}]}},"b":{"0":[7],"1":[7],"2":[1],"3":[6],"4":[1],"5":[5],"6":[0],"7":[25],"8":[7],"9":[4],"10":[2],"11":[5],"12":[5],"13":[1],"14":[4],"15":[25],"16":[0],"17":[10],"18":[15],"19":[2],"20":[1],"21":[13],"22":[3],"23":[11],"24":[2],"25":[1],"26":[0],"27":[0],"28":[1],"29":[0],"30":[11],"31":[6],"32":[0],"33":[0],"34":[11],"35":[0],"36":[0],"37":[11],"38":[46],"39":[1],"40":[10],"41":[7],"42":[7],"43":[4]},"fnMap":{"0":{"name":"RecintosZoo","decl":{"start":{"line":2,"column":4},"end":{"line":21,"column":5}},"loc":{"start":{"line":2,"column":4},"end":{"line":21,"column":5}},"line":2},"1":{"name":"analisaRecintos","decl":{"start":{"line":23,"column":4},"end":{"line":81,"column":5}},"loc":{"start":{"line":23,"column":4},"end":{"line":81,"column":5}},"line":23},"2":{"name":"recintoViavel","decl":{"start":{"line":35,"column":31},"end":{"line":60,"column":9}},"loc":{"start":{"line":35,"column":31},"end":{"line":60,"column":9}},"line":35}},"f":{"0":7,"1":7,"2":25}}
}
