{"C:\\Users\\davit\\Desktop\\MeusProjetos\\desafio-DaviTiago-2024\\src\\Animal.js": {"path":"C:\\Users\\davit\\Desktop\\MeusProjetos\\desafio-DaviTiago-2024\\src\\Animal.js","all":false,"statementMap":{"0":{"start":{"line":1,"column":0},"end":{"line":1,"column":14}},"1":{"start":{"line":2,"column":0},"end":{"line":2,"column":50}},"2":{"start":{"line":3,"column":0},"end":{"line":3,"column":25}},"3":{"start":{"line":4,"column":0},"end":{"line":4,"column":31}},"4":{"start":{"line":5,"column":0},"end":{"line":5,"column":27}},"5":{"start":{"line":6,"column":0},"end":{"line":6,"column":35}},"6":{"start":{"line":7,"column":0},"end":{"line":7,"column":5}},"7":{"start":{"line":8,"column":0},"end":{"line":8,"column":1}},"8":{"start":{"line":9,"column":0},"end":{"line":9,"column":0}},"9":{"start":{"line":10,"column":0},"end":{"line":10,"column":18}}},"s":{"0":1,"1":1,"2":72,"3":72,"4":72,"5":72,"6":72,"7":1,"8":1,"9":1},"branchMap":{"0":{"type":"branch","line":2,"loc":{"start":{"line":2,"column":4},"end":{"line":7,"column":5}},"locations":[{"start":{"line":2,"column":4},"end":{"line":7,"column":5}}]}},"b":{"0":[72]},"fnMap":{"0":{"name":"Animal","decl":{"start":{"line":2,"column":4},"end":{"line":7,"column":5}},"loc":{"start":{"line":2,"column":4},"end":{"line":7,"column":5}},"line":2}},"f":{"0":72}}
,"C:\\Users\\davit\\Desktop\\MeusProjetos\\desafio-DaviTiago-2024\\src\\Recinto.js": {"path":"C:\\Users\\davit\\Desktop\\MeusProjetos\\desafio-DaviTiago-2024\\src\\Recinto.js","all":false,"statementMap":{"0":{"start":{"line":1,"column":0},"end":{"line":1,"column":15}},"1":{"start":{"line":2,"column":0},"end":{"line":2,"column":60}},"2":{"start":{"line":3,"column":0},"end":{"line":3,"column":29}},"3":{"start":{"line":4,"column":0},"end":{"line":4,"column":27}},"4":{"start":{"line":5,"column":0},"end":{"line":5,"column":41}},"5":{"start":{"line":6,"column":0},"end":{"line":6,"column":31}},"6":{"start":{"line":7,"column":0},"end":{"line":7,"column":5}},"7":{"start":{"line":8,"column":0},"end":{"line":8,"column":0}},"8":{"start":{"line":9,"column":0},"end":{"line":9,"column":40}},"9":{"start":{"line":10,"column":0},"end":{"line":10,"column":105}},"10":{"start":{"line":11,"column":0},"end":{"line":11,"column":5}},"11":{"start":{"line":12,"column":0},"end":{"line":12,"column":0}},"12":{"start":{"line":13,"column":0},"end":{"line":13,"column":37}},"13":{"start":{"line":14,"column":0},"end":{"line":14,"column":89}},"14":{"start":{"line":15,"column":0},"end":{"line":15,"column":5}},"15":{"start":{"line":16,"column":0},"end":{"line":16,"column":0}},"16":{"start":{"line":17,"column":0},"end":{"line":17,"column":62}},"17":{"start":{"line":18,"column":0},"end":{"line":18,"column":78}},"18":{"start":{"line":19,"column":0},"end":{"line":19,"column":70}},"19":{"start":{"line":20,"column":0},"end":{"line":20,"column":65}},"20":{"start":{"line":21,"column":0},"end":{"line":21,"column":82}},"21":{"start":{"line":22,"column":0},"end":{"line":22,"column":5}},"22":{"start":{"line":23,"column":0},"end":{"line":23,"column":1}},"23":{"start":{"line":24,"column":0},"end":{"line":24,"column":0}},"24":{"start":{"line":25,"column":0},"end":{"line":25,"column":19}}},"s":{"0":1,"1":1,"2":60,"3":60,"4":60,"5":60,"6":60,"7":1,"8":1,"9":30,"10":30,"11":1,"12":1,"13":30,"14":30,"15":1,"16":1,"17":30,"18":30,"19":30,"20":30,"21":30,"22":1,"23":1,"24":1},"branchMap":{"0":{"type":"branch","line":2,"loc":{"start":{"line":2,"column":4},"end":{"line":7,"column":5}},"locations":[{"start":{"line":2,"column":4},"end":{"line":7,"column":5}}]},"1":{"type":"branch","line":9,"loc":{"start":{"line":9,"column":4},"end":{"line":11,"column":5}},"locations":[{"start":{"line":9,"column":4},"end":{"line":11,"column":5}}]},"2":{"type":"branch","line":10,"loc":{"start":{"line":10,"column":35},"end":{"line":10,"column":100}},"locations":[{"start":{"line":10,"column":35},"end":{"line":10,"column":100}}]},"3":{"type":"branch","line":13,"loc":{"start":{"line":13,"column":4},"end":{"line":15,"column":5}},"locations":[{"start":{"line":13,"column":4},"end":{"line":15,"column":5}}]},"4":{"type":"branch","line":14,"loc":{"start":{"line":14,"column":38},"end":{"line":14,"column":80}},"locations":[{"start":{"line":14,"column":38},"end":{"line":14,"column":80}}]},"5":{"type":"branch","line":14,"loc":{"start":{"line":14,"column":80},"end":{"line":14,"column":84}},"locations":[{"start":{"line":14,"column":80},"end":{"line":14,"column":84}}]},"6":{"type":"branch","line":14,"loc":{"start":{"line":14,"column":84},"end":{"line":14,"column":88}},"locations":[{"start":{"line":14,"column":84},"end":{"line":14,"column":88}}]},"7":{"type":"branch","line":17,"loc":{"start":{"line":17,"column":4},"end":{"line":22,"column":5}},"locations":[{"start":{"line":17,"column":4},"end":{"line":22,"column":5}}]}},"b":{"0":[60],"1":[30],"2":[21],"3":[30],"4":[21],"5":[10],"6":[20],"7":[30]},"fnMap":{"0":{"name":"Recinto","decl":{"start":{"line":2,"column":4},"end":{"line":7,"column":5}},"loc":{"start":{"line":2,"column":4},"end":{"line":7,"column":5}},"line":2},"1":{"name":"calcularEspacoOcupado","decl":{"start":{"line":9,"column":4},"end":{"line":11,"column":5}},"loc":{"start":{"line":9,"column":4},"end":{"line":11,"column":5}},"line":9},"2":{"name":"calcularEspacoExtra","decl":{"start":{"line":13,"column":4},"end":{"line":15,"column":5}},"loc":{"start":{"line":13,"column":4},"end":{"line":15,"column":5}},"line":13},"3":{"name":"calcularEspacoLivre","decl":{"start":{"line":17,"column":4},"end":{"line":22,"column":5}},"loc":{"start":{"line":17,"column":4},"end":{"line":22,"column":5}},"line":17}},"f":{"0":60,"1":30,"2":30,"3":30}}
,"C:\\Users\\davit\\Desktop\\MeusProjetos\\desafio-DaviTiago-2024\\src\\recintos-zoo.js": {"path":"C:\\Users\\davit\\Desktop\\MeusProjetos\\desafio-DaviTiago-2024\\src\\recintos-zoo.js","all":false,"statementMap":{"0":{"start":{"line":1,"column":0},"end":{"line":1,"column":39}},"1":{"start":{"line":2,"column":0},"end":{"line":2,"column":37}},"2":{"start":{"line":3,"column":0},"end":{"line":3,"column":0}},"3":{"start":{"line":4,"column":0},"end":{"line":4,"column":19}},"4":{"start":{"line":5,"column":0},"end":{"line":5,"column":19}},"5":{"start":{"line":6,"column":0},"end":{"line":6,"column":51}},"6":{"start":{"line":7,"column":0},"end":{"line":7,"column":49}},"7":{"start":{"line":8,"column":0},"end":{"line":8,"column":5}},"8":{"start":{"line":9,"column":0},"end":{"line":9,"column":0}},"9":{"start":{"line":10,"column":0},"end":{"line":10,"column":27}},"10":{"start":{"line":11,"column":0},"end":{"line":11,"column":16}},"11":{"start":{"line":12,"column":0},"end":{"line":12,"column":81}},"12":{"start":{"line":13,"column":0},"end":{"line":13,"column":46}},"13":{"start":{"line":14,"column":0},"end":{"line":14,"column":86}},"14":{"start":{"line":15,"column":0},"end":{"line":15,"column":41}},"15":{"start":{"line":16,"column":0},"end":{"line":16,"column":78}},"16":{"start":{"line":17,"column":0},"end":{"line":17,"column":10}},"17":{"start":{"line":18,"column":0},"end":{"line":18,"column":5}},"18":{"start":{"line":19,"column":0},"end":{"line":19,"column":0}},"19":{"start":{"line":20,"column":0},"end":{"line":20,"column":26}},"20":{"start":{"line":21,"column":0},"end":{"line":21,"column":35}},"21":{"start":{"line":22,"column":0},"end":{"line":22,"column":93}},"22":{"start":{"line":23,"column":0},"end":{"line":23,"column":97}},"23":{"start":{"line":24,"column":0},"end":{"line":24,"column":95}},"24":{"start":{"line":25,"column":0},"end":{"line":25,"column":108}},"25":{"start":{"line":26,"column":0},"end":{"line":26,"column":96}},"26":{"start":{"line":27,"column":0},"end":{"line":27,"column":96}},"27":{"start":{"line":28,"column":0},"end":{"line":28,"column":10}},"28":{"start":{"line":29,"column":0},"end":{"line":29,"column":0}},"29":{"start":{"line":30,"column":0},"end":{"line":30,"column":87}},"30":{"start":{"line":31,"column":0},"end":{"line":31,"column":68}},"31":{"start":{"line":32,"column":0},"end":{"line":32,"column":23}},"32":{"start":{"line":33,"column":0},"end":{"line":33,"column":15}},"33":{"start":{"line":34,"column":0},"end":{"line":34,"column":5}},"34":{"start":{"line":35,"column":0},"end":{"line":35,"column":0}},"35":{"start":{"line":36,"column":0},"end":{"line":36,"column":45}},"36":{"start":{"line":37,"column":0},"end":{"line":37,"column":40}},"37":{"start":{"line":38,"column":0},"end":{"line":38,"column":47}},"38":{"start":{"line":39,"column":0},"end":{"line":39,"column":9}},"39":{"start":{"line":40,"column":0},"end":{"line":40,"column":30}},"40":{"start":{"line":41,"column":0},"end":{"line":41,"column":51}},"41":{"start":{"line":42,"column":0},"end":{"line":42,"column":9}},"42":{"start":{"line":43,"column":0},"end":{"line":43,"column":0}},"43":{"start":{"line":44,"column":0},"end":{"line":44,"column":48}},"44":{"start":{"line":45,"column":0},"end":{"line":45,"column":88}},"45":{"start":{"line":46,"column":0},"end":{"line":46,"column":0}},"46":{"start":{"line":47,"column":0},"end":{"line":47,"column":44}},"47":{"start":{"line":48,"column":0},"end":{"line":48,"column":99}},"48":{"start":{"line":49,"column":0},"end":{"line":49,"column":90}},"49":{"start":{"line":50,"column":0},"end":{"line":50,"column":0}},"50":{"start":{"line":51,"column":0},"end":{"line":51,"column":35}},"51":{"start":{"line":52,"column":0},"end":{"line":52,"column":86}},"52":{"start":{"line":53,"column":0},"end":{"line":53,"column":20}},"53":{"start":{"line":54,"column":0},"end":{"line":54,"column":95}},"54":{"start":{"line":55,"column":0},"end":{"line":55,"column":13}},"55":{"start":{"line":56,"column":0},"end":{"line":56,"column":0}},"56":{"start":{"line":57,"column":0},"end":{"line":57,"column":46}},"57":{"start":{"line":58,"column":0},"end":{"line":58,"column":124}},"58":{"start":{"line":59,"column":0},"end":{"line":59,"column":76}},"59":{"start":{"line":60,"column":0},"end":{"line":60,"column":94}},"60":{"start":{"line":61,"column":0},"end":{"line":61,"column":17}},"61":{"start":{"line":62,"column":0},"end":{"line":62,"column":13}},"62":{"start":{"line":63,"column":0},"end":{"line":63,"column":106}},"63":{"start":{"line":64,"column":0},"end":{"line":64,"column":120}},"64":{"start":{"line":65,"column":0},"end":{"line":65,"column":0}},"65":{"start":{"line":66,"column":0},"end":{"line":66,"column":98}},"66":{"start":{"line":67,"column":0},"end":{"line":67,"column":0}},"67":{"start":{"line":68,"column":0},"end":{"line":68,"column":36}},"68":{"start":{"line":69,"column":0},"end":{"line":69,"column":10}},"69":{"start":{"line":70,"column":0},"end":{"line":70,"column":0}},"70":{"start":{"line":71,"column":0},"end":{"line":71,"column":35}},"71":{"start":{"line":72,"column":0},"end":{"line":72,"column":0}},"72":{"start":{"line":73,"column":0},"end":{"line":73,"column":46}},"73":{"start":{"line":74,"column":0},"end":{"line":74,"column":41}},"74":{"start":{"line":75,"column":0},"end":{"line":75,"column":102}},"75":{"start":{"line":76,"column":0},"end":{"line":76,"column":128}},"76":{"start":{"line":77,"column":0},"end":{"line":77,"column":13}},"77":{"start":{"line":78,"column":0},"end":{"line":78,"column":9}},"78":{"start":{"line":79,"column":0},"end":{"line":79,"column":0}},"79":{"start":{"line":80,"column":0},"end":{"line":80,"column":43}},"80":{"start":{"line":81,"column":0},"end":{"line":81,"column":53}},"81":{"start":{"line":82,"column":0},"end":{"line":82,"column":9}},"82":{"start":{"line":83,"column":0},"end":{"line":83,"column":0}},"83":{"start":{"line":84,"column":0},"end":{"line":84,"column":35}},"84":{"start":{"line":85,"column":0},"end":{"line":85,"column":5}},"85":{"start":{"line":86,"column":0},"end":{"line":86,"column":1}},"86":{"start":{"line":87,"column":0},"end":{"line":87,"column":0}},"87":{"start":{"line":88,"column":0},"end":{"line":88,"column":38}}},"s":{"0":1,"1":1,"2":1,"3":1,"4":1,"5":12,"6":12,"7":12,"8":1,"9":1,"10":12,"11":12,"12":12,"13":12,"14":12,"15":12,"16":12,"17":12,"18":1,"19":1,"20":12,"21":12,"22":12,"23":12,"24":12,"25":12,"26":12,"27":12,"28":12,"29":12,"30":72,"31":72,"32":12,"33":12,"34":1,"35":1,"36":12,"37":1,"38":1,"39":12,"40":1,"41":1,"42":10,"43":10,"44":12,"45":12,"46":12,"47":50,"48":50,"49":29,"50":50,"51":11,"52":50,"53":18,"54":18,"55":17,"56":50,"57":4,"58":4,"59":0,"60":0,"61":4,"62":50,"63":50,"64":17,"65":17,"66":17,"67":17,"68":12,"69":12,"70":12,"71":12,"72":12,"73":50,"74":13,"75":13,"76":13,"77":50,"78":10,"79":12,"80":2,"81":2,"82":8,"83":8,"84":8,"85":1,"86":1,"87":1},"branchMap":{"0":{"type":"branch","line":5,"loc":{"start":{"line":5,"column":4},"end":{"line":8,"column":5}},"locations":[{"start":{"line":5,"column":4},"end":{"line":8,"column":5}}]},"1":{"type":"branch","line":10,"loc":{"start":{"line":10,"column":4},"end":{"line":18,"column":5}},"locations":[{"start":{"line":10,"column":4},"end":{"line":18,"column":5}}]},"2":{"type":"branch","line":20,"loc":{"start":{"line":20,"column":4},"end":{"line":34,"column":5}},"locations":[{"start":{"line":20,"column":4},"end":{"line":34,"column":5}}]},"3":{"type":"branch","line":30,"loc":{"start":{"line":30,"column":40},"end":{"line":33,"column":9}},"locations":[{"start":{"line":30,"column":40},"end":{"line":33,"column":9}}]},"4":{"type":"branch","line":36,"loc":{"start":{"line":36,"column":4},"end":{"line":85,"column":5}},"locations":[{"start":{"line":36,"column":4},"end":{"line":85,"column":5}}]},"5":{"type":"branch","line":37,"loc":{"start":{"line":37,"column":39},"end":{"line":39,"column":9}},"locations":[{"start":{"line":37,"column":39},"end":{"line":39,"column":9}}]},"6":{"type":"branch","line":39,"loc":{"start":{"line":39,"column":8},"end":{"line":40,"column":29}},"locations":[{"start":{"line":39,"column":8},"end":{"line":40,"column":29}}]},"7":{"type":"branch","line":40,"loc":{"start":{"line":40,"column":29},"end":{"line":42,"column":9}},"locations":[{"start":{"line":40,"column":29},"end":{"line":42,"column":9}}]},"8":{"type":"branch","line":42,"loc":{"start":{"line":42,"column":8},"end":{"line":45,"column":70}},"locations":[{"start":{"line":42,"column":8},"end":{"line":45,"column":70}}]},"9":{"type":"branch","line":45,"loc":{"start":{"line":45,"column":70},"end":{"line":45,"column":87}},"locations":[{"start":{"line":45,"column":70},"end":{"line":45,"column":87}}]},"10":{"type":"branch","line":73,"loc":{"start":{"line":73,"column":45},"end":{"line":78,"column":9}},"locations":[{"start":{"line":73,"column":45},"end":{"line":78,"column":9}}]},"11":{"type":"branch","line":74,"loc":{"start":{"line":74,"column":40},"end":{"line":77,"column":13}},"locations":[{"start":{"line":74,"column":40},"end":{"line":77,"column":13}}]},"12":{"type":"branch","line":78,"loc":{"start":{"line":78,"column":8},"end":{"line":80,"column":42}},"locations":[{"start":{"line":78,"column":8},"end":{"line":80,"column":42}}]},"13":{"type":"branch","line":80,"loc":{"start":{"line":80,"column":42},"end":{"line":82,"column":9}},"locations":[{"start":{"line":80,"column":42},"end":{"line":82,"column":9}}]},"14":{"type":"branch","line":82,"loc":{"start":{"line":82,"column":8},"end":{"line":85,"column":5}},"locations":[{"start":{"line":82,"column":8},"end":{"line":85,"column":5}}]},"15":{"type":"branch","line":47,"loc":{"start":{"line":47,"column":31},"end":{"line":69,"column":9}},"locations":[{"start":{"line":47,"column":31},"end":{"line":69,"column":9}}]},"16":{"type":"branch","line":48,"loc":{"start":{"line":48,"column":64},"end":{"line":48,"column":80}},"locations":[{"start":{"line":48,"column":64},"end":{"line":48,"column":80}}]},"17":{"type":"branch","line":49,"loc":{"start":{"line":49,"column":77},"end":{"line":49,"column":90}},"locations":[{"start":{"line":49,"column":77},"end":{"line":49,"column":90}}]},"18":{"type":"branch","line":49,"loc":{"start":{"line":49,"column":89},"end":{"line":51,"column":34}},"locations":[{"start":{"line":49,"column":89},"end":{"line":51,"column":34}}]},"19":{"type":"branch","line":51,"loc":{"start":{"line":51,"column":34},"end":{"line":53,"column":13}},"locations":[{"start":{"line":51,"column":34},"end":{"line":53,"column":13}}]},"20":{"type":"branch","line":52,"loc":{"start":{"line":52,"column":73},"end":{"line":52,"column":86}},"locations":[{"start":{"line":52,"column":73},"end":{"line":52,"column":86}}]},"21":{"type":"branch","line":53,"loc":{"start":{"line":53,"column":13},"end":{"line":55,"column":13}},"locations":[{"start":{"line":53,"column":13},"end":{"line":55,"column":13}}]},"22":{"type":"branch","line":54,"loc":{"start":{"line":54,"column":82},"end":{"line":54,"column":95}},"locations":[{"start":{"line":54,"column":82},"end":{"line":54,"column":95}}]},"23":{"type":"branch","line":55,"loc":{"start":{"line":55,"column":12},"end":{"line":57,"column":45}},"locations":[{"start":{"line":55,"column":12},"end":{"line":57,"column":45}}]},"24":{"type":"branch","line":57,"loc":{"start":{"line":57,"column":45},"end":{"line":62,"column":13}},"locations":[{"start":{"line":57,"column":45},"end":{"line":62,"column":13}}]},"25":{"type":"branch","line":58,"loc":{"start":{"line":58,"column":52},"end":{"line":58,"column":79}},"locations":[{"start":{"line":58,"column":52},"end":{"line":58,"column":79}}]},"26":{"type":"branch","line":58,"loc":{"start":{"line":58,"column":79},"end":{"line":58,"column":109}},"locations":[{"start":{"line":58,"column":79},"end":{"line":58,"column":109}}]},"27":{"type":"branch","line":58,"loc":{"start":{"line":58,"column":111},"end":{"line":58,"column":124}},"locations":[{"start":{"line":58,"column":111},"end":{"line":58,"column":124}}]},"28":{"type":"branch","line":59,"loc":{"start":{"line":59,"column":43},"end":{"line":59,"column":73}},"locations":[{"start":{"line":59,"column":43},"end":{"line":59,"column":73}}]},"29":{"type":"branch","line":59,"loc":{"start":{"line":59,"column":75},"end":{"line":61,"column":17}},"locations":[{"start":{"line":59,"column":75},"end":{"line":61,"column":17}}]},"30":{"type":"branch","line":62,"loc":{"start":{"line":62,"column":12},"end":{"line":63,"column":43}},"locations":[{"start":{"line":62,"column":12},"end":{"line":63,"column":43}}]},"31":{"type":"branch","line":63,"loc":{"start":{"line":63,"column":39},"end":{"line":63,"column":59}},"locations":[{"start":{"line":63,"column":39},"end":{"line":63,"column":59}}]},"32":{"type":"branch","line":63,"loc":{"start":{"line":63,"column":59},"end":{"line":63,"column":91}},"locations":[{"start":{"line":63,"column":59},"end":{"line":63,"column":91}}]},"33":{"type":"branch","line":63,"loc":{"start":{"line":63,"column":93},"end":{"line":63,"column":106}},"locations":[{"start":{"line":63,"column":93},"end":{"line":63,"column":106}}]},"34":{"type":"branch","line":63,"loc":{"start":{"line":63,"column":105},"end":{"line":64,"column":73}},"locations":[{"start":{"line":63,"column":105},"end":{"line":64,"column":73}}]},"35":{"type":"branch","line":64,"loc":{"start":{"line":64,"column":69},"end":{"line":64,"column":105}},"locations":[{"start":{"line":64,"column":69},"end":{"line":64,"column":105}}]},"36":{"type":"branch","line":64,"loc":{"start":{"line":64,"column":107},"end":{"line":64,"column":120}},"locations":[{"start":{"line":64,"column":107},"end":{"line":64,"column":120}}]},"37":{"type":"branch","line":64,"loc":{"start":{"line":64,"column":119},"end":{"line":69,"column":9}},"locations":[{"start":{"line":64,"column":119},"end":{"line":69,"column":9}}]},"38":{"type":"branch","line":49,"loc":{"start":{"line":49,"column":34},"end":{"line":49,"column":74}},"locations":[{"start":{"line":49,"column":34},"end":{"line":49,"column":74}}]},"39":{"type":"branch","line":52,"loc":{"start":{"line":52,"column":41},"end":{"line":52,"column":70}},"locations":[{"start":{"line":52,"column":41},"end":{"line":52,"column":70}}]},"40":{"type":"branch","line":54,"loc":{"start":{"line":54,"column":41},"end":{"line":54,"column":79}},"locations":[{"start":{"line":54,"column":41},"end":{"line":54,"column":79}}]},"41":{"type":"branch","line":64,"loc":{"start":{"line":64,"column":37},"end":{"line":64,"column":68}},"locations":[{"start":{"line":64,"column":37},"end":{"line":64,"column":68}}]}},"b":{"0":[12],"1":[12],"2":[12],"3":[72],"4":[12],"5":[1],"6":[11],"7":[1],"8":[10],"9":[0],"10":[50],"11":[13],"12":[10],"13":[2],"14":[8],"15":[50],"16":[0],"17":[21],"18":[29],"19":[11],"20":[8],"21":[18],"22":[4],"23":[17],"24":[4],"25":[2],"26":[0],"27":[0],"28":[2],"29":[0],"30":[17],"31":[6],"32":[0],"33":[0],"34":[17],"35":[0],"36":[0],"37":[17],"38":[87],"39":[10],"40":[14],"41":[12]},"fnMap":{"0":{"name":"RecintosZoo","decl":{"start":{"line":5,"column":4},"end":{"line":8,"column":5}},"loc":{"start":{"line":5,"column":4},"end":{"line":8,"column":5}},"line":5},"1":{"name":"inicializarRecintos","decl":{"start":{"line":10,"column":4},"end":{"line":18,"column":5}},"loc":{"start":{"line":10,"column":4},"end":{"line":18,"column":5}},"line":10},"2":{"name":"inicializarAnimais","decl":{"start":{"line":20,"column":4},"end":{"line":34,"column":5}},"loc":{"start":{"line":20,"column":4},"end":{"line":34,"column":5}},"line":20},"3":{"name":"analisaRecintos","decl":{"start":{"line":36,"column":4},"end":{"line":85,"column":5}},"loc":{"start":{"line":36,"column":4},"end":{"line":85,"column":5}},"line":36},"4":{"name":"recintoViavel","decl":{"start":{"line":47,"column":31},"end":{"line":69,"column":9}},"loc":{"start":{"line":47,"column":31},"end":{"line":69,"column":9}},"line":47}},"f":{"0":12,"1":12,"2":12,"3":12,"4":50}}
}
