TN:
SF:src\recintos-zoo.js
FN:2,RecintosZoo
FN:23,analisaRecintos
FN:35,recintoViavel
FNF:3
FNH:3
FNDA:7,RecintosZoo
FNDA:7,analisaRecintos
FNDA:25,recintoViavel
DA:1,1
DA:2,1
DA:3,7
DA:4,7
DA:5,7
DA:6,7
DA:7,7
DA:8,7
DA:9,7
DA:10,7
DA:11,7
DA:12,7
DA:13,7
DA:14,7
DA:15,7
DA:16,7
DA:17,7
DA:18,7
DA:19,7
DA:20,7
DA:21,7
DA:22,1
DA:23,1
DA:24,7
DA:25,1
DA:26,1
DA:27,7
DA:28,1
DA:29,1
DA:30,5
DA:31,5
DA:32,7
DA:33,7
DA:34,7
DA:35,7
DA:36,25
DA:37,25
DA:38,15
DA:39,15
DA:40,25
DA:41,2
DA:42,25
DA:43,13
DA:44,13
DA:45,11
DA:46,11
DA:47,25
DA:48,2
DA:49,2
DA:50,2
DA:51,25
DA:52,25
DA:53,11
DA:54,11
DA:55,11
DA:56,11
DA:57,11
DA:58,11
DA:59,11
DA:60,7
DA:61,7
DA:62,7
DA:63,7
DA:64,7
DA:65,7
DA:66,25
DA:67,7
DA:68,7
DA:69,7
DA:70,7
DA:71,7
DA:72,7
DA:73,7
DA:74,25
DA:75,5
DA:76,7
DA:77,1
DA:78,1
DA:79,4
DA:80,4
DA:81,4
DA:82,1
DA:83,1
DA:84,1
LF:84
LH:84
BRDA:2,0,0,7
BRDA:23,1,0,7
BRDA:24,2,0,1
BRDA:26,3,0,6
BRDA:27,4,0,1
BRDA:29,5,0,5
BRDA:32,6,0,0
BRDA:65,7,0,25
BRDA:66,8,0,7
BRDA:70,9,0,4
BRDA:70,10,0,2
BRDA:70,11,0,5
BRDA:74,12,0,5
BRDA:76,13,0,1
BRDA:78,14,0,4
BRDA:35,15,0,25
BRDA:36,16,0,0
BRDA:37,17,0,10
BRDA:37,18,0,15
BRDA:40,19,0,2
BRDA:41,20,0,1
BRDA:42,21,0,13
BRDA:43,22,0,3
BRDA:44,23,0,11
BRDA:47,24,0,2
BRDA:48,25,0,1
BRDA:48,26,0,0
BRDA:48,27,0,0
BRDA:49,28,0,1
BRDA:49,29,0,0
BRDA:50,30,0,11
BRDA:51,31,0,6
BRDA:51,32,0,0
BRDA:51,33,0,0
BRDA:51,34,0,11
BRDA:52,35,0,0
BRDA:52,36,0,0
BRDA:52,37,0,11
BRDA:37,38,0,46
BRDA:41,39,0,1
BRDA:43,40,0,10
BRDA:52,41,0,7
BRDA:55,42,0,7
BRDA:67,43,0,4
BRF:44
BRH:35
end_of_record
