TN:
SF:src\Animal.js
FN:2,Animal
FNF:1
FNH:1
FNDA:72,Animal
DA:1,1
DA:2,1
DA:3,72
DA:4,72
DA:5,72
DA:6,72
DA:7,72
DA:8,1
DA:9,1
DA:10,1
LF:10
LH:10
BRDA:2,0,0,72
BRF:1
BRH:1
end_of_record
TN:
SF:src\Recinto.js
FN:2,Recinto
FN:9,calcularEspacoOcupado
FN:13,calcularEspacoExtra
FN:17,calcularEspacoLivre
FNF:4
FNH:4
FNDA:60,Recinto
FNDA:30,calcularEspacoOcupado
FNDA:30,calcularEspacoExtra
FNDA:30,calcularEspacoLivre
DA:1,1
DA:2,1
DA:3,60
DA:4,60
DA:5,60
DA:6,60
DA:7,60
DA:8,1
DA:9,1
DA:10,30
DA:11,30
DA:12,1
DA:13,1
DA:14,30
DA:15,30
DA:16,1
DA:17,1
DA:18,30
DA:19,30
DA:20,30
DA:21,30
DA:22,30
DA:23,1
DA:24,1
DA:25,1
LF:25
LH:25
BRDA:2,0,0,60
BRDA:9,1,0,30
BRDA:10,2,0,21
BRDA:13,3,0,30
BRDA:14,4,0,21
BRDA:14,5,0,10
BRDA:14,6,0,20
BRDA:17,7,0,30
BRF:8
BRH:8
end_of_record
TN:
SF:src\recintos-zoo.js
FN:5,RecintosZoo
FN:10,inicializarRecintos
FN:20,inicializarAnimais
FN:36,analisaRecintos
FN:47,recintoViavel
FNF:5
FNH:5
FNDA:12,RecintosZoo
FNDA:12,inicializarRecintos
FNDA:12,inicializarAnimais
FNDA:12,analisaRecintos
FNDA:50,recintoViavel
DA:1,1
DA:2,1
DA:3,1
DA:4,1
DA:5,1
DA:6,12
DA:7,12
DA:8,12
DA:9,1
DA:10,1
DA:11,12
DA:12,12
DA:13,12
DA:14,12
DA:15,12
DA:16,12
DA:17,12
DA:18,12
DA:19,1
DA:20,1
DA:21,12
DA:22,12
DA:23,12
DA:24,12
DA:25,12
DA:26,12
DA:27,12
DA:28,12
DA:29,12
DA:30,12
DA:31,72
DA:32,72
DA:33,12
DA:34,12
DA:35,1
DA:36,1
DA:37,12
DA:38,1
DA:39,1
DA:40,12
DA:41,1
DA:42,1
DA:43,10
DA:44,10
DA:45,12
DA:46,12
DA:47,12
DA:48,50
DA:49,50
DA:50,29
DA:51,50
DA:52,11
DA:53,50
DA:54,18
DA:55,18
DA:56,17
DA:57,50
DA:58,4
DA:59,4
DA:60,0
DA:61,0
DA:62,4
DA:63,50
DA:64,50
DA:65,17
DA:66,17
DA:67,17
DA:68,17
DA:69,12
DA:70,12
DA:71,12
DA:72,12
DA:73,12
DA:74,50
DA:75,13
DA:76,13
DA:77,13
DA:78,50
DA:79,10
DA:80,12
DA:81,2
DA:82,2
DA:83,8
DA:84,8
DA:85,8
DA:86,1
DA:87,1
DA:88,1
LF:88
LH:86
BRDA:5,0,0,12
BRDA:10,1,0,12
BRDA:20,2,0,12
BRDA:30,3,0,72
BRDA:36,4,0,12
BRDA:37,5,0,1
BRDA:39,6,0,11
BRDA:40,7,0,1
BRDA:42,8,0,10
BRDA:45,9,0,0
BRDA:73,10,0,50
BRDA:74,11,0,13
BRDA:78,12,0,10
BRDA:80,13,0,2
BRDA:82,14,0,8
BRDA:47,15,0,50
BRDA:48,16,0,0
BRDA:49,17,0,21
BRDA:49,18,0,29
BRDA:51,19,0,11
BRDA:52,20,0,8
BRDA:53,21,0,18
BRDA:54,22,0,4
BRDA:55,23,0,17
BRDA:57,24,0,4
BRDA:58,25,0,2
BRDA:58,26,0,0
BRDA:58,27,0,0
BRDA:59,28,0,2
BRDA:59,29,0,0
BRDA:62,30,0,17
BRDA:63,31,0,6
BRDA:63,32,0,0
BRDA:63,33,0,0
BRDA:63,34,0,17
BRDA:64,35,0,0
BRDA:64,36,0,0
BRDA:64,37,0,17
BRDA:49,38,0,87
BRDA:52,39,0,10
BRDA:54,40,0,14
BRDA:64,41,0,12
BRF:42
BRH:33
end_of_record
